
  .   ____          _            __ _ _
 /\\ / ___'_ __ _ _(_)_ __  __ _ \ \ \ \
( ( )\___ | '_ | '_| | '_ \/ _` | \ \ \ \
 \\/  ___)| |_)| | | | | || (_| |  ) ) ) )
  '  |____| .__|_| |_|_| |_\__, | / / / /
 =========|_|==============|___/=/_/_/_/
 :: Spring Boot ::                (v3.2.2)

2026-06-27T20:30:33.833+08:00  INFO 74122 --- [           main] com.tutu.TutuApplication                 : Starting TutuApplication v1.0.0 using Java 17.0.17 with PID 74122 (/Users/zhayao/Desktop/tutu/tutu-backend/target/tutu-backend-1.0.0.jar started by zhayao in /Users/zhayao/Desktop/tutu/tutu-backend)
2026-06-27T20:30:33.834+08:00 DEBUG 74122 --- [           main] com.tutu.TutuApplication                 : Running with Spring Boot v3.2.2, Spring v6.1.3
2026-06-27T20:30:33.834+08:00  INFO 74122 --- [           main] com.tutu.TutuApplication                 : No active profile set, falling back to 1 default profile: "default"
2026-06-27T20:30:34.185+08:00  INFO 74122 --- [           main] .s.d.r.c.RepositoryConfigurationDelegate : Bootstrapping Spring Data JPA repositories in DEFAULT mode.
2026-06-27T20:30:34.217+08:00  INFO 74122 --- [           main] .s.d.r.c.RepositoryConfigurationDelegate : Finished Spring Data repository scanning in 28 ms. Found 10 JPA repository interfaces.
2026-06-27T20:30:34.433+08:00  INFO 74122 --- [           main] o.s.b.w.embedded.tomcat.TomcatWebServer  : Tomcat initialized with port 8080 (http)
2026-06-27T20:30:34.437+08:00  INFO 74122 --- [           main] o.apache.catalina.core.StandardService   : Starting service [Tomcat]
2026-06-27T20:30:34.437+08:00  INFO 74122 --- [           main] o.apache.catalina.core.StandardEngine    : Starting Servlet engine: [Apache Tomcat/10.1.18]
2026-06-27T20:30:34.453+08:00  INFO 74122 --- [           main] o.a.c.c.C.[Tomcat].[localhost].[/]       : Initializing Spring embedded WebApplicationContext
2026-06-27T20:30:34.454+08:00  INFO 74122 --- [           main] w.s.c.ServletWebServerApplicationContext : Root WebApplicationContext: initialization completed in 583 ms
2026-06-27T20:30:34.481+08:00  INFO 74122 --- [           main] com.zaxxer.hikari.HikariDataSource       : HikariPool-1 - Starting...
2026-06-27T20:30:34.558+08:00  INFO 74122 --- [           main] com.zaxxer.hikari.pool.HikariPool        : HikariPool-1 - Added connection com.mysql.cj.jdbc.ConnectionImpl@35bfa1bb
2026-06-27T20:30:34.558+08:00  INFO 74122 --- [           main] com.zaxxer.hikari.HikariDataSource       : HikariPool-1 - Start completed.
2026-06-27T20:30:34.597+08:00  INFO 74122 --- [           main] o.hibernate.jpa.internal.util.LogHelper  : HHH000204: Processing PersistenceUnitInfo [name: default]
2026-06-27T20:30:34.627+08:00  INFO 74122 --- [           main] org.hibernate.Version                    : HHH000412: Hibernate ORM core version 6.4.1.Final
2026-06-27T20:30:34.640+08:00  INFO 74122 --- [           main] o.h.c.internal.RegionFactoryInitiator    : HHH000026: Second-level cache disabled
2026-06-27T20:30:34.730+08:00  INFO 74122 --- [           main] o.s.o.j.p.SpringPersistenceUnitInfo      : No LoadTimeWeaver setup: ignoring JPA class transformer
2026-06-27T20:30:34.754+08:00  WARN 74122 --- [           main] org.hibernate.orm.deprecation            : HHH90000025: MySQLDialect does not need to be specified explicitly using 'hibernate.dialect' (remove the property setting and it will be selected by default)
2026-06-27T20:30:35.120+08:00  INFO 74122 --- [           main] o.h.e.t.j.p.i.JtaPlatformInitiator       : HHH000489: No JTA platform available (set 'hibernate.transaction.jta.platform' to enable JTA platform integration)
2026-06-27T20:30:35.167+08:00  INFO 74122 --- [           main] j.LocalContainerEntityManagerFactoryBean : Initialized JPA EntityManagerFactory for persistence unit 'default'
2026-06-27T20:30:35.330+08:00 DEBUG 74122 --- [           main] c.tutu.security.JwtAuthenticationFilter  : Filter 'jwtAuthenticationFilter' configured for use
2026-06-27T20:30:35.399+08:00  INFO 74122 --- [           main] o.s.d.j.r.query.QueryEnhancerFactory     : Hibernate is in classpath; If applicable, HQL parser will be used.
2026-06-27T20:30:35.659+08:00  WARN 74122 --- [           main] JpaBaseConfiguration$JpaWebConfiguration : spring.jpa.open-in-view is enabled by default. Therefore, database queries may be performed during view rendering. Explicitly configure spring.jpa.open-in-view to disable this warning
2026-06-27T20:30:35.775+08:00  INFO 74122 --- [           main] o.s.s.web.DefaultSecurityFilterChain     : Will secure any request with [org.springframework.security.web.session.DisableEncodeUrlFilter@8508dae, org.springframework.security.web.context.request.async.WebAsyncManagerIntegrationFilter@71d3776, org.springframework.security.web.context.SecurityContextHolderFilter@21f4f5d4, org.springframework.security.web.header.HeaderWriterFilter@7ff48cdc, org.springframework.web.filter.CorsFilter@188ab96, org.springframework.web.filter.CorsFilter@188ab96, org.springframework.security.web.authentication.logout.LogoutFilter@5cc5d766, com.tutu.security.JwtAuthenticationFilter@7a6e0f3c, org.springframework.security.web.savedrequest.RequestCacheAwareFilter@a9339e5, org.springframework.security.web.servletapi.SecurityContextHolderAwareRequestFilter@687313e1, org.springframework.security.web.authentication.AnonymousAuthenticationFilter@5303762f, org.springframework.security.web.session.SessionManagementFilter@7e93497d, org.springframework.security.web.access.ExceptionTranslationFilter@3518882c, org.springframework.security.web.access.intercept.AuthorizationFilter@685783b1]
2026-06-27T20:30:35.853+08:00  INFO 74122 --- [           main] o.s.b.w.embedded.tomcat.TomcatWebServer  : Tomcat started on port 8080 (http) with context path ''
2026-06-27T20:30:35.862+08:00  INFO 74122 --- [           main] com.tutu.TutuApplication                 : Started TutuApplication in 2.211 seconds (process running for 2.386)
2026-06-27T20:30:36.554+08:00  INFO 74122 --- [nio-8080-exec-1] o.a.c.c.C.[Tomcat].[localhost].[/]       : Initializing Spring DispatcherServlet 'dispatcherServlet'
2026-06-27T20:30:36.554+08:00  INFO 74122 --- [nio-8080-exec-1] o.s.web.servlet.DispatcherServlet        : Initializing Servlet 'dispatcherServlet'
2026-06-27T20:30:36.554+08:00  INFO 74122 --- [nio-8080-exec-1] o.s.web.servlet.DispatcherServlet        : Completed initialization in 0 ms
2026-06-27T20:30:36.600+08:00 DEBUG 74122 --- [nio-8080-exec-1] org.hibernate.SQL                        : 
    select
        s1_0.id,
        s1_0.coordinates_x,
        s1_0.coordinates_y,
        s1_0.created_at,
        s1_0.description,
        s1_0.icon,
        s1_0.name,
        s1_0.personal,
        s1_0.price,
        s1_0.rating,
        s1_0.score,
        s1_0.sub,
        s1_0.tags,
        s1_0.time,
        s1_0.type,
        s1_0.xp 
    from
        spots s1_0
Hibernate: 
    select
        s1_0.id,
        s1_0.coordinates_x,
        s1_0.coordinates_y,
        s1_0.created_at,
        s1_0.description,
        s1_0.icon,
        s1_0.name,
        s1_0.personal,
        s1_0.price,
        s1_0.rating,
        s1_0.score,
        s1_0.sub,
        s1_0.tags,
        s1_0.time,
        s1_0.type,
        s1_0.xp 
    from
        spots s1_0
